<?xml version="1.0" encoding="UTF-8"?>
<!-- Generated by org.testng.reporters.JUnitXMLReporter -->
<testsuite ignored="0" hostname="DESKTOP-LJ15L86" failures="0" tests="3" name="Default test" time="14.872" errors="0" timestamp="25 Jul 2020 03:46:03 GMT">
  <testcase classname="com.qa.hubspot.tests.LoginPageTest" name="verifySignUpLinkTest" time="5.868"/>
  <testcase classname="com.qa.hubspot.tests.LoginPageTest" name="verifygetLoginPageTitle" time="0.035"/>
  <testcase classname="com.qa.hubspot.tests.LoginPageTest" name="doLogin" time="0.537"/>
</testsuite> <!-- Default test -->
