<?xml version="1.0" encoding="UTF-8"?>
<!-- Generated by org.testng.reporters.JUnitXMLReporter -->
<testsuite ignored="0" hostname="DESKTOP-LJ15L86" failures="0" tests="3" name="HubSpot LoginPage Testing" time="18.417" errors="0" timestamp="20 Jul 2020 16:45:45 GMT">
  <testcase classname="com.qa.hubspot.tests.LoginPageTest" name="verifySignUpLinkTest" time="6.255"/>
  <testcase classname="com.qa.hubspot.tests.LoginPageTest" name="verifygetLoginPageTitle" time="0.053"/>
  <testcase classname="com.qa.hubspot.tests.LoginPageTest" name="doLogin" time="0.725"/>
</testsuite> <!-- HubSpot LoginPage Testing -->
