<?xml version="1.0" encoding="UTF-8"?>
<testsuite xmlns:xsi="http://www.w3.org/2001/XMLSchema-instance" xsi:noNamespaceSchemaLocation="https://maven.apache.org/surefire/maven-surefire-plugin/xsd/surefire-test-report.xsd" name="TestSuite" time="20.937" tests="3" errors="0" skipped="0" failures="0">
  <properties>
[...]
</properties>
  <testcase name="verifySignUpLinkTest" classname="com.qa.hubspot.tests.LoginPageTest" time="6.259"/>
  <testcase name="verifygetLoginPageTitle" classname="com.qa.hubspot.tests.LoginPageTest" time="0.052"/>
  <testcase name="doLogin" classname="com.qa.hubspot.tests.LoginPageTest" time="0.715"/>
</testsuite>