<?xml version="1.0" encoding="UTF-8"?>
<!-- Generated by org.testng.reporters.JUnitXMLReporter -->
<testsuite ignored="0" hostname="DESKTOP-LJ15L86" failures="0" tests="3" name="HubSpot HomPage Testing" time="15.557" errors="0" timestamp="21 Jul 2020 23:28:29 GMT">
  <testcase classname="com.qa.hubspot.tests.HomePageTest" name="verifygetHomePageTitle" time="2.629"/>
  <testcase classname="com.qa.hubspot.tests.HomePageTest" name="verifygetHeader" time="0.171"/>
  <testcase classname="com.qa.hubspot.tests.HomePageTest" name="verifygetLoggedAccountText" time="0.46"/>
</testsuite> <!-- HubSpot HomPage Testing -->
