<?xml version="1.0" encoding="UTF-8"?>
<!-- Generated by org.testng.reporters.JUnitXMLReporter -->
<testsuite ignored="0" hostname="DESKTOP-LJ15L86" failures="0" tests="3" name="HubSpot LoginPage Testing" time="15.48" errors="0" timestamp="27 Jul 2020 23:11:36 GMT">
  <testcase classname="com.qa.hubspot.tests.LoginPageTest" name="verifySignUpLinkTest" time="6.049"/>
  <testcase classname="com.qa.hubspot.tests.LoginPageTest" name="verifygetLoginPageTitle" time="0.07"/>
  <testcase classname="com.qa.hubspot.tests.LoginPageTest" name="doLogin" time="0.687"/>
</testsuite> <!-- HubSpot LoginPage Testing -->
