<?xml version="1.0" encoding="UTF-8"?>
<!-- Generated by org.testng.reporters.JUnitXMLReporter -->
<testsuite ignored="2" hostname="DESKTOP-LJ15L86" failures="0" tests="6" name="HubSpot Feature Testing" time="14.376" errors="0" timestamp="2020-07-10T16:43:28 CDT">
  <testcase classname="com.qa.hubspot.tests.HomePageTest" name="@BeforeClass homePageSetUp" time="0.001">
    <failure type="java.lang.NullPointerException">
      <![CDATA[java.lang.NullPointerException
at com.qa.hubspot.tests.HomePageTest.homePageSetUp(HomePageTest.java:18)
at java.base/java.util.ArrayList.forEach(ArrayList.java:1507)
... Removed 25 stack frames]]>
    </failure>
  </testcase> <!-- @BeforeClass homePageSetUp -->
  <testcase classname="com.qa.hubspot.tests.LoginPageTest" name="verifySignUpLinkTest" time="5.41"/>
  <testcase classname="com.qa.hubspot.tests.LoginPageTest" name="verifygetLoginPageTitle" time="0.027"/>
  <testcase classname="com.qa.hubspot.tests.LoginPageTest" name="doLogin" time="0.801"/>
  <testcase classname="com.qa.hubspot.tests.HomePageTest" name="verifygetHomePageTitle" time="0.0">
    <skipped/>
  </testcase> <!-- verifygetHomePageTitle -->
  <testcase classname="com.qa.hubspot.tests.HomePageTest" name="verifygetHeader" time="0.0">
    <skipped/>
  </testcase> <!-- verifygetHeader -->
  <testcase classname="com.qa.hubspot.tests.HomePageTest" name="verifygetLoggedAccountText" time="0.0">
    <skipped/>
  </testcase> <!-- verifygetLoggedAccountText -->
  <testcase classname="com.qa.hubspot.basepage.BasePageTest" name="@AfterTest tearDown" time="0.0">
    <ignored/>
  </testcase> <!-- @AfterTest tearDown -->
  <testcase classname="com.qa.hubspot.basepage.BasePageTest" name="@BeforeTest setUp" time="0.0">
    <ignored/>
  </testcase> <!-- @BeforeTest setUp -->
</testsuite> <!-- HubSpot Feature Testing -->
