<?xml version="1.0" encoding="UTF-8"?>
<testng-results ignored="0" total="3" passed="3" failed="0" skipped="0">
  <reporter-output>
  </reporter-output>
  <suite started-at="2020-07-27T22:36:14Z" name="Hub spot Test automtion regression suite" finished-at="2020-07-27T22:36:30Z" duration-ms="15292">
    <groups>
    </groups>
    <test started-at="2020-07-27T22:36:14Z" name="HubSpot LoginPage Testing" finished-at="2020-07-27T22:36:30Z" duration-ms="15292">
      <class name="com.qa.hubspot.tests.LoginPageTest">
        <test-method is-config="true" signature="setUp()[pri:0, instance:com.qa.hubspot.tests.LoginPageTest@7351a16e]" started-at="2020-07-27T22:36:14Z" name="setUp" finished-at="2020-07-27T22:36:22Z" duration-ms="7753" status="PASS">
          <reporter-output>
          </reporter-output>
        </test-method> <!-- setUp -->
        <test-method signature="verifySignUpLinkTest()[pri:1, instance:com.qa.hubspot.tests.LoginPageTest@7351a16e]" started-at="2020-07-27T22:36:22Z" name="verifySignUpLinkTest" finished-at="2020-07-27T22:36:27Z" duration-ms="5031" status="PASS">
          <reporter-output>
          </reporter-output>
        </test-method> <!-- verifySignUpLinkTest -->
        <test-method signature="verifygetLoginPageTitle()[pri:2, instance:com.qa.hubspot.tests.LoginPageTest@7351a16e]" started-at="2020-07-27T22:36:28Z" name="verifygetLoginPageTitle" finished-at="2020-07-27T22:36:28Z" duration-ms="218" status="PASS">
          <reporter-output>
          </reporter-output>
        </test-method> <!-- verifygetLoginPageTitle -->
        <test-method signature="doLogin()[pri:3, instance:com.qa.hubspot.tests.LoginPageTest@7351a16e]" started-at="2020-07-27T22:36:28Z" name="doLogin" finished-at="2020-07-27T22:36:29Z" duration-ms="813" status="PASS">
          <reporter-output>
          </reporter-output>
        </test-method> <!-- doLogin -->
        <test-method is-config="true" signature="tearDown()[pri:0, instance:com.qa.hubspot.tests.LoginPageTest@7351a16e]" started-at="2020-07-27T22:36:29Z" name="tearDown" finished-at="2020-07-27T22:36:30Z" duration-ms="818" status="PASS">
          <reporter-output>
          </reporter-output>
        </test-method> <!-- tearDown -->
      </class> <!-- com.qa.hubspot.tests.LoginPageTest -->
    </test> <!-- HubSpot LoginPage Testing -->
  </suite> <!-- Hub spot Test automtion regression suite -->
</testng-results>
