<?xml version="1.0" encoding="UTF-8"?>
<testng-results ignored="0" total="6" passed="5" failed="1" skipped="0">
  <reporter-output>
  </reporter-output>
  <suite started-at="2020-07-21T23:27:30Z" name="Hub spot Test automtion regression suite" finished-at="2020-07-21T23:28:29Z" duration-ms="59312">
    <groups>
    </groups>
    <test started-at="2020-07-21T23:27:30Z" name="HubSpot LoginPage Testing" finished-at="2020-07-21T23:28:10Z" duration-ms="39887">
      <class name="com.qa.hubspot.tests.LoginPageTest">
        <test-method is-config="true" signature="setUp()[pri:0, instance:com.qa.hubspot.tests.LoginPageTest@795fd838]" started-at="2020-07-21T23:27:30Z" name="setUp" finished-at="2020-07-21T23:27:38Z" duration-ms="7741" status="PASS">
          <reporter-output>
          </reporter-output>
        </test-method> <!-- setUp -->
        <test-method signature="verifySignUpLinkTest()[pri:1, instance:com.qa.hubspot.tests.LoginPageTest@795fd838]" started-at="2020-07-21T23:27:38Z" name="verifySignUpLinkTest" finished-at="2020-07-21T23:28:08Z" duration-ms="30216" status="FAIL">
          <exception class="java.lang.NullPointerException">
            <full-stacktrace>
              <![CDATA[java.lang.NullPointerException
at com.qa.hubspot.utils.ElementUtil.doIsDisplayed(ElementUtil.java:58)
at com.qa.hubspot.pages.LoginPage.getSignUpLinkExist(LoginPage.java:37)
at com.qa.hubspot.tests.LoginPageTest.verifySignUpLinkTest(LoginPageTest.java:25)
at java.base/jdk.internal.reflect.NativeMethodAccessorImpl.invoke0(Native Method)
at java.base/jdk.internal.reflect.NativeMethodAccessorImpl.invoke(NativeMethodAccessorImpl.java:62)
at java.base/jdk.internal.reflect.DelegatingMethodAccessorImpl.invoke(DelegatingMethodAccessorImpl.java:43)
at java.base/java.lang.reflect.Method.invoke(Method.java:567)
at org.testng.internal.MethodInvocationHelper.invokeMethod(MethodInvocationHelper.java:124)
at org.testng.internal.Invoker.invokeMethod(Invoker.java:583)
at org.testng.internal.Invoker.invokeTestMethod(Invoker.java:719)
at org.testng.internal.Invoker.invokeTestMethods(Invoker.java:989)
at org.testng.internal.TestMethodWorker.invokeTestMethods(TestMethodWorker.java:125)
at org.testng.internal.TestMethodWorker.run(TestMethodWorker.java:109)
at org.testng.TestRunner.privateRun(TestRunner.java:648)
at org.testng.TestRunner.run(TestRunner.java:505)
at org.testng.SuiteRunner.runTest(SuiteRunner.java:455)
at org.testng.SuiteRunner.runSequentially(SuiteRunner.java:450)
at org.testng.SuiteRunner.privateRun(SuiteRunner.java:415)
at org.testng.SuiteRunner.run(SuiteRunner.java:364)
at org.testng.SuiteRunnerWorker.runSuite(SuiteRunnerWorker.java:52)
at org.testng.SuiteRunnerWorker.run(SuiteRunnerWorker.java:84)
at org.testng.TestNG.runSuitesSequentially(TestNG.java:1208)
at org.testng.TestNG.runSuitesLocally(TestNG.java:1137)
at org.testng.TestNG.runSuites(TestNG.java:1049)
at org.testng.TestNG.run(TestNG.java:1017)
at org.testng.remote.AbstractRemoteTestNG.run(AbstractRemoteTestNG.java:115)
at org.testng.remote.RemoteTestNG.initAndRun(RemoteTestNG.java:251)
at org.testng.remote.RemoteTestNG.main(RemoteTestNG.java:77)
]]>
            </full-stacktrace>
          </exception> <!-- java.lang.NullPointerException -->
          <reporter-output>
          </reporter-output>
        </test-method> <!-- verifySignUpLinkTest -->
        <test-method signature="verifygetLoginPageTitle()[pri:2, instance:com.qa.hubspot.tests.LoginPageTest@795fd838]" started-at="2020-07-21T23:28:09Z" name="verifygetLoginPageTitle" finished-at="2020-07-21T23:28:09Z" duration-ms="49" status="PASS">
          <reporter-output>
          </reporter-output>
        </test-method> <!-- verifygetLoginPageTitle -->
        <test-method signature="doLogin()[pri:3, instance:com.qa.hubspot.tests.LoginPageTest@795fd838]" started-at="2020-07-21T23:28:09Z" name="doLogin" finished-at="2020-07-21T23:28:09Z" duration-ms="485" status="PASS">
          <reporter-output>
          </reporter-output>
        </test-method> <!-- doLogin -->
        <test-method is-config="true" signature="tearDown()[pri:0, instance:com.qa.hubspot.tests.LoginPageTest@795fd838]" started-at="2020-07-21T23:28:09Z" name="tearDown" finished-at="2020-07-21T23:28:10Z" duration-ms="589" status="PASS">
          <reporter-output>
          </reporter-output>
        </test-method> <!-- tearDown -->
      </class> <!-- com.qa.hubspot.tests.LoginPageTest -->
    </test> <!-- HubSpot LoginPage Testing -->
    <test started-at="2020-07-21T23:28:14Z" name="HubSpot HomPage Testing" finished-at="2020-07-21T23:28:29Z" duration-ms="15557">
      <class name="com.qa.hubspot.tests.HomePageTest">
        <test-method is-config="true" signature="setUp()[pri:0, instance:com.qa.hubspot.tests.HomePageTest@1f52eb6f]" started-at="2020-07-21T23:28:14Z" name="setUp" finished-at="2020-07-21T23:28:19Z" duration-ms="5734" status="PASS">
          <reporter-output>
          </reporter-output>
        </test-method> <!-- setUp -->
        <test-method is-config="true" signature="homePageSetUp()[pri:0, instance:com.qa.hubspot.tests.HomePageTest@1f52eb6f]" started-at="2020-07-21T23:28:19Z" name="homePageSetUp" finished-at="2020-07-21T23:28:25Z" duration-ms="5938" status="PASS">
          <reporter-output>
          </reporter-output>
        </test-method> <!-- homePageSetUp -->
        <test-method signature="verifygetHomePageTitle()[pri:1, instance:com.qa.hubspot.tests.HomePageTest@1f52eb6f]" started-at="2020-07-21T23:28:25Z" name="verifygetHomePageTitle" finished-at="2020-07-21T23:28:28Z" duration-ms="2629" status="PASS">
          <reporter-output>
          </reporter-output>
        </test-method> <!-- verifygetHomePageTitle -->
        <test-method signature="verifygetHeader()[pri:2, instance:com.qa.hubspot.tests.HomePageTest@1f52eb6f]" started-at="2020-07-21T23:28:28Z" name="verifygetHeader" finished-at="2020-07-21T23:28:28Z" duration-ms="171" status="PASS">
          <reporter-output>
          </reporter-output>
        </test-method> <!-- verifygetHeader -->
        <test-method signature="verifygetLoggedAccountText()[pri:3, instance:com.qa.hubspot.tests.HomePageTest@1f52eb6f]" started-at="2020-07-21T23:28:28Z" name="verifygetLoggedAccountText" finished-at="2020-07-21T23:28:29Z" duration-ms="460" status="PASS">
          <reporter-output>
          </reporter-output>
        </test-method> <!-- verifygetLoggedAccountText -->
        <test-method is-config="true" signature="tearDown()[pri:0, instance:com.qa.hubspot.tests.HomePageTest@1f52eb6f]" started-at="2020-07-21T23:28:29Z" name="tearDown" finished-at="2020-07-21T23:28:29Z" duration-ms="610" status="PASS">
          <reporter-output>
          </reporter-output>
        </test-method> <!-- tearDown -->
      </class> <!-- com.qa.hubspot.tests.HomePageTest -->
    </test> <!-- HubSpot HomPage Testing -->
  </suite> <!-- Hub spot Test automtion regression suite -->
</testng-results>
